c:\pfb\low-level\pfb_radioastronomie\pfb_radioastronomie\x64\debug\vc142.pdb
c:\pfb\low-level\pfb_radioastronomie\pfb_radioastronomie\x64\debug\vc142.idb
c:\pfb\low-level\pfb_radioastronomie\pfb_radioastronomie\x64\debug\input.obj
c:\pfb\low-level\pfb_radioastronomie\pfb_radioastronomie\x64\debug\reference.obj
x64\debug\criticalpolyphasefilterbank.cu.obj
x64\debug\kernel.cu.obj
c:\pfb\low-level\pfb_radioastronomie\x64\debug\pfb_radioastronomie.ilk
c:\pfb\low-level\pfb_radioastronomie\x64\debug\pfb_radioastronomie.exe
c:\pfb\low-level\pfb_radioastronomie\x64\debug\pfb_radioastronomie.pdb
c:\pfb\low-level\pfb_radioastronomie\x64\debug\pfb_radioastronomie.lib
c:\pfb\low-level\pfb_radioastronomie\x64\debug\pfb_radioastronomie.exp
c:\pfb\low-level\pfb_radioastronomie\pfb_radioastronomie\x64\debug\pfb_radioastronomie.res
c:\pfb\low-level\pfb_radioastronomie\pfb_radioastronomie\x64\debug\criticalpolyphasefilterbank.cu.cache
c:\pfb\low-level\pfb_radioastronomie\pfb_radioastronomie\x64\debug\kernel.cu.cache
c:\pfb\low-level\pfb_radioastronomie\pfb_radioastronomie\x64\debug\criticalpolyphasefilterbank.cu.obj
c:\pfb\low-level\pfb_radioastronomie\pfb_radioastronomie\x64\debug\kernel.cu.obj
c:\pfb\low-level\pfb_radioastronomie\pfb_radioastronomie\x64\debug\pfb_radi.4b2385f1.tlog\cl.command.1.tlog
c:\pfb\low-level\pfb_radioastronomie\pfb_radioastronomie\x64\debug\pfb_radi.4b2385f1.tlog\cl.read.1.tlog
c:\pfb\low-level\pfb_radioastronomie\pfb_radioastronomie\x64\debug\pfb_radi.4b2385f1.tlog\cl.write.1.tlog
c:\pfb\low-level\pfb_radioastronomie\pfb_radioastronomie\x64\debug\pfb_radi.4b2385f1.tlog\cudacompile.read.1u.tlog
c:\pfb\low-level\pfb_radioastronomie\pfb_radioastronomie\x64\debug\pfb_radi.4b2385f1.tlog\cudacompile.write.1u.tlog
c:\pfb\low-level\pfb_radioastronomie\pfb_radioastronomie\x64\debug\pfb_radi.4b2385f1.tlog\link.command.1.tlog
c:\pfb\low-level\pfb_radioastronomie\pfb_radioastronomie\x64\debug\pfb_radi.4b2385f1.tlog\link.read.1.tlog
c:\pfb\low-level\pfb_radioastronomie\pfb_radioastronomie\x64\debug\pfb_radi.4b2385f1.tlog\link.write.1.tlog
c:\pfb\low-level\pfb_radioastronomie\pfb_radioastronomie\x64\debug\pfb_radi.4b2385f1.tlog\pfb_radioastronomie.write.1u.tlog
c:\pfb\low-level\pfb_radioastronomie\pfb_radioastronomie\x64\debug\pfb_radi.4b2385f1.tlog\rc.command.1.tlog
c:\pfb\low-level\pfb_radioastronomie\pfb_radioastronomie\x64\debug\pfb_radi.4b2385f1.tlog\rc.read.1.tlog
c:\pfb\low-level\pfb_radioastronomie\pfb_radioastronomie\x64\debug\pfb_radi.4b2385f1.tlog\rc.write.1.tlog
