c:\users\b98\source\repos\pfb_radioastronomie_cpu\pfb_radioastronomie_cpu\x64\debug\vc141.pdb
c:\users\b98\source\repos\pfb_radioastronomie_cpu\pfb_radioastronomie_cpu\x64\debug\vc141.idb
c:\users\b98\source\repos\pfb_radioastronomie_cpu\pfb_radioastronomie_cpu\x64\debug\criticalpolyphasefilterbank.obj
x64\debug\kernel.cu.obj
c:\users\b98\source\repos\pfb_radioastronomie_cpu\x64\debug\pfb_radioastronomie_cpu.ilk
c:\users\b98\source\repos\pfb_radioastronomie_cpu\x64\debug\pfb_radioastronomie_cpu.exe
c:\users\b98\source\repos\pfb_radioastronomie_cpu\x64\debug\pfb_radioastronomie_cpu.pdb
c:\users\b98\source\repos\pfb_radioastronomie_cpu\x64\debug\pfb_radioastronomie_cpu.lib
c:\users\b98\source\repos\pfb_radioastronomie_cpu\x64\debug\pfb_radioastronomie_cpu.exp
c:\pfb\cpu programm\pfb_radioastronomie_cpu\pfb_radioastronomie_cpu\x64\debug\kernel.cu.cache
c:\pfb\cpu programm\pfb_radioastronomie_cpu\pfb_radioastronomie_cpu\x64\debug\criticalpolyphasefilterbank.obj
c:\pfb\cpu programm\pfb_radioastronomie_cpu\pfb_radioastronomie_cpu\x64\debug\kernel.cu.obj
c:\pfb\cpu programm\pfb_radioastronomie_cpu\pfb_radioastronomie_cpu\x64\debug\vc141.idb
c:\pfb\cpu programm\pfb_radioastronomie_cpu\pfb_radioastronomie_cpu\x64\debug\vc141.pdb
c:\pfb\cpu programm\pfb_radioastronomie_cpu\x64\debug\pfb_radioastronomie_cpu.pdb
c:\pfb\cpu programm\pfb_radioastronomie_cpu\x64\debug\pfb_radioastronomie_cpu.exe
c:\pfb\cpu programm\pfb_radioastronomie_cpu\x64\debug\pfb_radioastronomie_cpu.ilk
c:\pfb\cpu programm\pfb_radioastronomie_cpu\pfb_radioastronomie_cpu\x64\debug\pfb_radi.cc51031a.tlog\cl.command.1.tlog
c:\pfb\cpu programm\pfb_radioastronomie_cpu\pfb_radioastronomie_cpu\x64\debug\pfb_radi.cc51031a.tlog\cl.read.1.tlog
c:\pfb\cpu programm\pfb_radioastronomie_cpu\pfb_radioastronomie_cpu\x64\debug\pfb_radi.cc51031a.tlog\cl.write.1.tlog
c:\pfb\cpu programm\pfb_radioastronomie_cpu\pfb_radioastronomie_cpu\x64\debug\pfb_radi.cc51031a.tlog\cudacompile.read.1u.tlog
c:\pfb\cpu programm\pfb_radioastronomie_cpu\pfb_radioastronomie_cpu\x64\debug\pfb_radi.cc51031a.tlog\cudacompile.write.1u.tlog
c:\pfb\cpu programm\pfb_radioastronomie_cpu\pfb_radioastronomie_cpu\x64\debug\pfb_radi.cc51031a.tlog\link.command.1.tlog
c:\pfb\cpu programm\pfb_radioastronomie_cpu\pfb_radioastronomie_cpu\x64\debug\pfb_radi.cc51031a.tlog\link.read.1.tlog
c:\pfb\cpu programm\pfb_radioastronomie_cpu\pfb_radioastronomie_cpu\x64\debug\pfb_radi.cc51031a.tlog\link.write.1.tlog
c:\pfb\cpu programm\pfb_radioastronomie_cpu\pfb_radioastronomie_cpu\x64\debug\pfb_radi.cc51031a.tlog\pfb_radioastronomie_cpu.write.1u.tlog
